# JRE version: OpenJDK Runtime Environment (8.0_152-b06) (build 1.8.0_152-release-1136-b06)
# Java VM: OpenJDK 64-Bit Server VM (25.152-b06 mixed mode windows-amd64 compressed oops)
Heap:
 PSYoungGen      total 335872K, used 298527K [0x00000000e0000000, 0x00000000f6a00000, 0x0000000100000000)
  eden space 301568K, 97% used [0x00000000e0000000,0x00000000f1eae750,0x00000000f2680000)
  from space 34304K, 14% used [0x00000000f4780000,0x00000000f4c594b8,0x00000000f6900000)
  to   space 33792K, 0% used [0x00000000f2680000,0x00000000f2680000,0x00000000f4780000)
 ParOldGen       total 152064K, used 81073K [0x00000000a0000000, 0x00000000a9480000, 0x00000000e0000000)
  object space 152064K, 53% used [0x00000000a0000000,0x00000000a4f2c7d8,0x00000000a9480000)
 Metaspace       used 90117K, capacity 93770K, committed 94208K, reserved 1130496K
  class space    used 11501K, capacity 12385K, committed 12544K, reserved 1048576K
GC Heap History (10 events):
Event: 1445.301 GC heap before
{Heap before GC invocations=26 (full 4):
 PSYoungGen      total 283648K, used 249344K [0x00000000e0000000, 0x00000000f6900000, 0x0000000100000000)
  eden space 249344K, 100% used [0x00000000e0000000,0x00000000ef380000,0x00000000ef380000)
  from space 34304K, 0% used [0x00000000ef380000,0x00000000ef380000,0x00000000f1500000)
  to   space 34304K, 0% used [0x00000000f4780000,0x00000000f4780000,0x00000000f6900000)
 ParOldGen       total 152064K, used 77118K [0x00000000a0000000, 0x00000000a9480000, 0x00000000e0000000)
  object space 152064K, 50% used [0x00000000a0000000,0x00000000a4b4f980,0x00000000a9480000)
 Metaspace       used 89929K, capacity 93516K, committed 94208K, reserved 1130496K
  class space    used 11492K, capacity 12350K, committed 12544K, reserved 1048576K
Event: 1445.317 GC heap after
Heap after GC invocations=26 (full 4):
 PSYoungGen      total 335872K, used 4160K [0x00000000e0000000, 0x00000000f6a00000, 0x0000000100000000)
  eden space 301568K, 0% used [0x00000000e0000000,0x00000000e0000000,0x00000000f2680000)
  from space 34304K, 12% used [0x00000000f4780000,0x00000000f4b902e8,0x00000000f6900000)
  to   space 33792K, 0% used [0x00000000f2680000,0x00000000f2680000,0x00000000f4780000)
 ParOldGen       total 152064K, used 77126K [0x00000000a0000000, 0x00000000a9480000, 0x00000000e0000000)
  object space 152064K, 50% used [0x00000000a0000000,0x00000000a4b51980,0x00000000a9480000)
 Metaspace       used 89929K, capacity 93516K, committed 94208K, reserved 1130496K
  class space    used 11492K, capacity 12350K, committed 12544K, reserved 1048576K
}
Event: 1446.858 GC heap before
{Heap before GC invocations=27 (full 4):
 PSYoungGen      total 335872K, used 305728K [0x00000000e0000000, 0x00000000f6a00000, 0x0000000100000000)
  eden space 301568K, 100% used [0x00000000e0000000,0x00000000f2680000,0x00000000f2680000)
  from space 34304K, 12% used [0x00000000f4780000,0x00000000f4b902e8,0x00000000f6900000)
  to   space 33792K, 0% used [0x00000000f2680000,0x00000000f2680000,0x00000000f4780000)
 ParOldGen       total 152064K, used 77126K [0x00000000a0000000, 0x00000000a9480000, 0x00000000e0000000)
  object space 152064K, 50% used [0x00000000a0000000,0x00000000a4b51980,0x00000000a9480000)
 Metaspace       used 90018K, capacity 93620K, committed 94208K, reserved 1130496K
  class space    used 11499K, capacity 12384K, committed 12544K, reserved 1048576K
Event: 1446.890 GC heap after
Heap after GC invocations=27 (full 4):
 PSYoungGen      total 335360K, used 5379K [0x00000000e0000000, 0x00000000f6a00000, 0x0000000100000000)
  eden space 301568K, 0% used [0x00000000e0000000,0x00000000e0000000,0x00000000f2680000)
  from space 33792K, 15% used [0x00000000f2680000,0x00000000f2bc0fe0,0x00000000f4780000)
  to   space 34304K, 0% used [0x00000000f4780000,0x00000000f4780000,0x00000000f6900000)
 ParOldGen       total 152064K, used 79665K [0x00000000a0000000, 0x00000000a9480000, 0x00000000e0000000)
  object space 152064K, 52% used [0x00000000a0000000,0x00000000a4dcc4b0,0x00000000a9480000)
 Metaspace       used 90018K, capacity 93620K, committed 94208K, reserved 1130496K
  class space    used 11499K, capacity 12384K, committed 12544K, reserved 1048576K
}
Event: 1448.809 GC heap before
{Heap before GC invocations=28 (full 4):
 PSYoungGen      total 335360K, used 306947K [0x00000000e0000000, 0x00000000f6a00000, 0x0000000100000000)
  eden space 301568K, 100% used [0x00000000e0000000,0x00000000f2680000,0x00000000f2680000)
  from space 33792K, 15% used [0x00000000f2680000,0x00000000f2bc0fe0,0x00000000f4780000)
  to   space 34304K, 0% used [0x00000000f4780000,0x00000000f4780000,0x00000000f6900000)
 ParOldGen       total 152064K, used 79665K [0x00000000a0000000, 0x00000000a9480000, 0x00000000e0000000)
  object space 152064K, 52% used [0x00000000a0000000,0x00000000a4dcc4b0,0x00000000a9480000)
 Metaspace       used 90045K, capacity 93620K, committed 94208K, reserved 1130496K
  class space    used 11499K, capacity 12384K, committed 12544K, reserved 1048576K
Event: 1448.823 GC heap after
Heap after GC invocations=28 (full 4):
 PSYoungGen      total 335872K, used 5628K [0x00000000e0000000, 0x00000000f6a00000, 0x0000000100000000)
  eden space 301568K, 0% used [0x00000000e0000000,0x00000000e0000000,0x00000000f2680000)
  from space 34304K, 16% used [0x00000000f4780000,0x00000000f4cff018,0x00000000f6900000)
  to   space 33792K, 0% used [0x00000000f2680000,0x00000000f2680000,0x00000000f4780000)
 ParOldGen       total 152064K, used 80513K [0x00000000a0000000, 0x00000000a9480000, 0x00000000e0000000)
  object space 152064K, 52% used [0x00000000a0000000,0x00000000a4ea0500,0x00000000a9480000)
 Metaspace       used 90045K, capacity 93620K, committed 94208K, reserved 1130496K
  class space    used 11499K, capacity 12384K, committed 12544K, reserved 1048576K
}
Event: 1451.492 GC heap before
{Heap before GC invocations=29 (full 4):
 PSYoungGen      total 335872K, used 307196K [0x00000000e0000000, 0x00000000f6a00000, 0x0000000100000000)
  eden space 301568K, 100% used [0x00000000e0000000,0x00000000f2680000,0x00000000f2680000)
  from space 34304K, 16% used [0x00000000f4780000,0x00000000f4cff018,0x00000000f6900000)
  to   space 33792K, 0% used [0x00000000f2680000,0x00000000f2680000,0x00000000f4780000)
 ParOldGen       total 152064K, used 80513K [0x00000000a0000000, 0x00000000a9480000, 0x00000000e0000000)
  object space 152064K, 52% used [0x00000000a0000000,0x00000000a4ea0500,0x00000000a9480000)
 Metaspace       used 90073K, capacity 93754K, committed 94208K, reserved 1130496K
  class space    used 11499K, capacity 12385K, committed 12544K, reserved 1048576K
Event: 1451.509 GC heap after
Heap after GC invocations=29 (full 4):
 PSYoungGen      total 335360K, used 6345K [0x00000000e0000000, 0x00000000f6a00000, 0x0000000100000000)
  eden space 301568K, 0% used [0x00000000e0000000,0x00000000e0000000,0x00000000f2680000)
  from space 33792K, 18% used [0x00000000f2680000,0x00000000f2cb2670,0x00000000f4780000)
  to   space 34304K, 0% used [0x00000000f4780000,0x00000000f4780000,0x00000000f6900000)
 ParOldGen       total 152064K, used 80657K [0x00000000a0000000, 0x00000000a9480000, 0x00000000e0000000)
  object space 152064K, 53% used [0x00000000a0000000,0x00000000a4ec4520,0x00000000a9480000)
 Metaspace       used 90073K, capacity 93754K, committed 94208K, reserved 1130496K
  class space    used 11499K, capacity 12385K, committed 12544K, reserved 1048576K
}
Event: 1453.113 GC heap before
{Heap before GC invocations=30 (full 4):
 PSYoungGen      total 335360K, used 307913K [0x00000000e0000000, 0x00000000f6a00000, 0x0000000100000000)
  eden space 301568K, 100% used [0x00000000e0000000,0x00000000f2680000,0x00000000f2680000)
  from space 33792K, 18% used [0x00000000f2680000,0x00000000f2cb2670,0x00000000f4780000)
  to   space 34304K, 0% used [0x00000000f4780000,0x00000000f4780000,0x00000000f6900000)
 ParOldGen       total 152064K, used 80657K [0x00000000a0000000, 0x00000000a9480000, 0x00000000e0000000)
  object space 152064K, 53% used [0x00000000a0000000,0x00000000a4ec4520,0x00000000a9480000)
 Metaspace       used 90090K, capacity 93762K, committed 94208K, reserved 1130496K
  class space    used 11499K, capacity 12385K, committed 12544K, reserved 1048576K
Event: 1453.123 GC heap after
Heap after GC invocations=30 (full 4):
 PSYoungGen      total 335872K, used 4965K [0x00000000e0000000, 0x00000000f6a00000, 0x0000000100000000)
  eden space 301568K, 0% used [0x00000000e0000000,0x00000000e0000000,0x00000000f2680000)
  from space 34304K, 14% used [0x00000000f4780000,0x00000000f4c594b8,0x00000000f6900000)
  to   space 33792K, 0% used [0x00000000f2680000,0x00000000f2680000,0x00000000f4780000)
 ParOldGen       total 152064K, used 81073K [0x00000000a0000000, 0x00000000a9480000, 0x00000000e0000000)
  object space 152064K, 53% used [0x00000000a0000000,0x00000000a4f2c7d8,0x00000000a9480000)
 Metaspace       used 90090K, capacity 93762K, committed 94208K, reserved 1130496K
  class space    used 11499K, capacity 12385K, committed 12544K, reserved 1048576K
}

